#
# There is insufficient memory for the Java Runtime Environment to continue.
# Native memory allocation (malloc) failed to allocate 32744 bytes for ChunkPool::allocate
# Possible reasons:
#   The system is out of physical RAM or swap space
#   The process is running with CompressedOops enabled, and the Java Heap may be blocking the growth of the native heap
# Possible solutions:
#   Reduce memory load on the system
#   Increase physical memory or swap space
#   Check if swap backing store is full
#   Decrease Java heap size (-Xmx/-Xms)
#   Decrease number of Java threads
#   Decrease Java thread stack sizes (-Xss)
#   Set larger code cache with -XX:ReservedCodeCacheSize=
#   JVM is running with Unscaled Compressed Oops mode in which the Java heap is
#     placed in the first 4GB address space. The Java Heap base address is the
#     maximum limit for the native heap growth. Please use -XX:HeapBaseMinAddress
#     to set the Java Heap base and to place the Java Heap above 4GB virtual address.
# This output file may be truncated or incomplete.
#
#  Out of Memory Error (allocation.cpp:272), pid=6360, tid=0x0000000000004c7c
#
# JRE version: OpenJDK Runtime Environment (8.0_242-b01) (build 1.8.0_242-release-1644-b01)
# Java VM: OpenJDK 64-Bit Server VM (25.242-b01 mixed mode windows-amd64 compressed oops)
# Failed to write core dump. Minidumps are not enabled by default on client versions of Windows
#

---------------  T H R E A D  ---------------

Current thread (0x000000001a548000):  JavaThread "Daemon worker" [_thread_in_vm, id=19580, stack(0x000000001d010000,0x000000001d110000)]

Stack: [0x000000001d010000,0x000000001d110000]
[error occurred during error reporting (printing stack bounds), id 0xc0000005]

Native frames: (J=compiled Java code, j=interpreted, Vv=VM code, C=native code)

Java frames: (J=compiled Java code, j=interpreted, Vv=VM code)
J 2108  java.lang.Class.getDeclaredMethods0(Z)[Ljava/lang/reflect/Method; (0 bytes) @ 0x0000000003888cbb [0x0000000003888c80+0x3b]
J 5079 C2 java.lang.Class.privateGetDeclaredMethods(Z)[Ljava/lang/reflect/Method; (67 bytes) @ 0x00000000040d4fdc [0x00000000040d4ee0+0xfc]
J 2153 C1 java.lang.Class.getDeclaredMethods()[Ljava/lang/reflect/Method; (18 bytes) @ 0x00000000038a3b74 [0x00000000038a3aa0+0xd4]
j  org.codehaus.groovy.reflection.stdclasses.CachedSAMClass$1.run()[Ljava/lang/reflect/Method;+4
j  org.codehaus.groovy.reflection.stdclasses.CachedSAMClass$1.run()Ljava/lang/Object;+1
v  ~StubRoutines::call_stub
J 1023  java.security.AccessController.doPrivileged(Ljava/security/PrivilegedAction;)Ljava/lang/Object; (0 bytes) @ 0x000000000353f052 [0x000000000353f000+0x52]
J 2707 C1 org.codehaus.groovy.reflection.stdclasses.CachedSAMClass.getAbstractMethods(Ljava/lang/Class;Ljava/util/List;)V (122 bytes) @ 0x0000000003ba8fcc [0x0000000003ba8a40+0x58c]
J 2707 C1 org.codehaus.groovy.reflection.stdclasses.CachedSAMClass.getAbstractMethods(Ljava/lang/Class;Ljava/util/List;)V (122 bytes) @ 0x0000000003ba8dec [0x0000000003ba8a40+0x3ac]
J 2707 C1 org.codehaus.groovy.reflection.stdclasses.CachedSAMClass.getAbstractMethods(Ljava/lang/Class;Ljava/util/List;)V (122 bytes) @ 0x0000000003ba8dec [0x0000000003ba8a40+0x3ac]
J 5109 C1 org.codehaus.groovy.reflection.stdclasses.CachedSAMClass.getSAMMethodImpl(Ljava/lang/Class;)Ljava/lang/reflect/Method; (181 bytes) @ 0x00000000040f1924 [0x00000000040f06e0+0x1244]
J 5074 C1 org.codehaus.groovy.reflection.ClassInfo.createCachedClass(Ljava/lang/Class;Lorg/codehaus/groovy/reflection/ClassInfo;)Lorg/codehaus/groovy/reflection/CachedClass; (514 bytes) @ 0x00000000040cffdc [0x00000000040cf160+0xe7c]
J 5081 C1 org.codehaus.groovy.reflection.ClassInfo$LazyCachedClassRef.initValue()Ljava/lang/Object; (5 bytes) @ 0x000000000344ed84 [0x000000000344eae0+0x2a4]
J 2619 C2 org.codehaus.groovy.util.LazyReference.get()Ljava/lang/Object; (44 bytes) @ 0x0000000003b5c3dc [0x0000000003b5c220+0x1bc]
J 5078 C1 org.codehaus.groovy.reflection.CachedClass$4.initValue()Lorg/codehaus/groovy/reflection/CachedClass; (63 bytes) @ 0x000000000340ac64 [0x000000000340a4a0+0x7c4]
J 5077 C1 org.codehaus.groovy.reflection.CachedClass$4.initValue()Ljava/lang/Object; (5 bytes) @ 0x0000000003b18acc [0x0000000003b18a40+0x8c]
J 2619 C2 org.codehaus.groovy.util.LazyReference.get()Ljava/lang/Object; (44 bytes) @ 0x0000000003b5c3dc [0x0000000003b5c220+0x1bc]
J 2165 C1 org.codehaus.groovy.reflection.CachedClass.getCachedSuperClass()Lorg/codehaus/groovy/reflection/CachedClass; (11 bytes) @ 0x00000000038ab43c [0x00000000038ab340+0xfc]
J 5076 C1 org.codehaus.groovy.reflection.CachedClass$8.initValue()Ljava/util/Set; (127 bytes) @ 0x00000000040c068c [0x00000000040bf4c0+0x11cc]
J 5075 C1 org.codehaus.groovy.reflection.CachedClass$8.initValue()Ljava/lang/Object; (5 bytes) @ 0x00000000038f380c [0x00000000038f3780+0x8c]
J 2619 C2 org.codehaus.groovy.util.LazyReference.get()Ljava/lang/Object; (44 bytes) @ 0x0000000003b5c3dc [0x0000000003b5c220+0x1bc]
J 2388 C1 org.codehaus.groovy.reflection.CachedClass.<init>(Ljava/lang/Class;Lorg/codehaus/groovy/reflection/ClassInfo;)V (247 bytes) @ 0x0000000003a9966c [0x0000000003a97e20+0x184c]
J 5074 C1 org.codehaus.groovy.reflection.ClassInfo.createCachedClass(Ljava/lang/Class;Lorg/codehaus/groovy/reflection/ClassInfo;)Lorg/codehaus/groovy/reflection/CachedClass; (514 bytes) @ 0x00000000040d030c [0x00000000040cf160+0x11ac]
J 5081 C1 org.codehaus.groovy.reflection.ClassInfo$LazyCachedClassRef.initValue()Ljava/lang/Object; (5 bytes) @ 0x000000000344ed84 [0x000000000344eae0+0x2a4]
J 2619 C2 org.codehaus.groovy.util.LazyReference.get()Ljava/lang/Object; (44 bytes) @ 0x0000000003b5c3dc [0x0000000003b5c220+0x1bc]
J 2131 C1 org.codehaus.groovy.reflection.ReflectionCache.getCachedClass(Ljava/lang/Class;)Lorg/codehaus/groovy/reflection/CachedClass; (14 bytes) @ 0x0000000003898644 [0x0000000003897c40+0xa04]
j  groovy.lang.MetaClassImpl.<init>(Ljava/lang/Class;[Lgroovy/lang/MetaMethod;)V+90
j  groovy.lang.MetaClassImpl.<init>(Lgroovy/lang/MetaClassRegistry;Ljava/lang/Class;[Lgroovy/lang/MetaMethod;)V+3
j  groovy.lang.MetaClassImpl.<init>(Lgroovy/lang/MetaClassRegistry;Ljava/lang/Class;)V+4
j  groovy.lang.MetaClassRegistry$MetaClassCreationHandle.createNormalMetaClass(Ljava/lang/Class;Lgroovy/lang/MetaClassRegistry;)Lgroovy/lang/MetaClass;+25
j  groovy.lang.MetaClassRegistry$MetaClassCreationHandle.createWithCustomLookup(Ljava/lang/Class;Lgroovy/lang/MetaClassRegistry;)Lgroovy/lang/MetaClass;+126
j  groovy.lang.MetaClassRegistry$MetaClassCreationHandle.create(Ljava/lang/Class;Lgroovy/lang/MetaClassRegistry;)Lgroovy/lang/MetaClass;+17
j  org.codehaus.groovy.reflection.ClassInfo.getMetaClassUnderLock()Lgroovy/lang/MetaClass;+49
j  org.codehaus.groovy.reflection.ClassInfo.getMetaClass()Lgroovy/lang/MetaClass;+16
j  org.codehaus.groovy.runtime.metaclass.MetaClassRegistryImpl.getMetaClass(Ljava/lang/Class;)Lgroovy/lang/MetaClass;+4
j  org.gradle.internal.metaobject.BeanDynamicObject.getMetaClass()Lgroovy/lang/MetaClass;+33
j  org.gradle.internal.metaobject.BeanDynamicObject.access$400(Lorg/gradle/internal/metaobject/BeanDynamicObject;)Lgroovy/lang/MetaClass;+1
j  org.gradle.internal.metaobject.BeanDynamicObject$MetaClassAdapter.setProperty(Ljava/lang/String;Ljava/lang/Object;)Lorg/gradle/internal/metaobject/DynamicInvokeResult;+18
j  org.gradle.internal.metaobject.BeanDynamicObject.trySetProperty(Ljava/lang/String;Ljava/lang/Object;)Lorg/gradle/internal/metaobject/DynamicInvokeResult;+6
j  org.gradle.util.ConfigureUtil.configureByMap(Ljava/util/Map;Ljava/lang/Object;)Ljava/lang/Object;+74
j  org.gradle.api.internal.file.DefaultFileOperations.fileTree(Ljava/util/Map;)Lorg/gradle/api/file/ConfigurableFileTree;+12
j  org.gradle.api.internal.project.DefaultProject.fileTree(Ljava/util/Map;)Lorg/gradle/api/file/ConfigurableFileTree;+5
j  com.android.build.gradle.internal.api.DefaultAndroidSourceDirectorySet$getSourceDirectoryTrees$1.apply(Ljava/lang/Object;)Lorg/gradle/api/file/ConfigurableFileTree;+34
j  com.android.build.gradle.internal.api.DefaultAndroidSourceDirectorySet$getSourceDirectoryTrees$1.apply(Ljava/lang/Object;)Ljava/lang/Object;+2
j  java.util.stream.ReferencePipeline$3$1.accept(Ljava/lang/Object;)V+12
j  java.util.ArrayList$ArrayListSpliterator.forEachRemaining(Ljava/util/function/Consumer;)V+99
j  java.util.stream.AbstractPipeline.copyInto(Ljava/util/stream/Sink;Ljava/util/Spliterator;)V+32
j  java.util.stream.AbstractPipeline.wrapAndCopyInto(Ljava/util/stream/Sink;Ljava/util/Spliterator;)Ljava/util/stream/Sink;+13
j  java.util.stream.ReduceOps$ReduceOp.evaluateSequential(Ljava/util/stream/PipelineHelper;Ljava/util/Spliterator;)Ljava/lang/Object;+6
j  java.util.stream.AbstractPipeline.evaluate(Ljava/util/stream/TerminalOp;)Ljava/lang/Object;+88
j  java.util.stream.ReferencePipeline.collect(Ljava/util/stream/Collector;)Ljava/lang/Object;+86
j  com.android.build.gradle.internal.api.DefaultAndroidSourceDirectorySet.getSourceDirectoryTrees()Ljava/util/List;+26
j  com.android.build.api.component.impl.ComponentPropertiesImpl$defaultJavaSources$2.invoke()Lcom/google/common/collect/ImmutableList;+68
j  com.android.build.api.component.impl.ComponentPropertiesImpl$defaultJavaSources$2.invoke()Ljava/lang/Object;+1
j  kotlin.SynchronizedLazyImpl.getValue()Ljava/lang/Object;+60
j  com.android.build.api.component.impl.ComponentPropertiesImpl.getDefaultJavaSources()Ljava/util/List;+13
j  com.android.build.api.component.impl.ComponentPropertiesImpl.getJavaSources()Ljava/util/List;+21
j  com.android.build.gradle.tasks.JavaCompileCreationAction$configure$sourcesToCompile$1.call()Ljava/util/List;+7
j  com.android.build.gradle.tasks.JavaCompileCreationAction$configure$sourcesToCompile$1.call()Ljava/lang/Object;+1
j  org.gradle.util.GUtil.uncheckedCall(Ljava/util/concurrent/Callable;)Ljava/lang/Object;+1
j  org.gradle.util.DeferredUtil.unpackNestableDeferred(Ljava/lang/Object;)Ljava/lang/Object;+20
j  org.gradle.api.internal.file.collections.UnpackingVisitor.add(Ljava/lang/Object;)V+173
j  org.gradle.api.internal.file.collections.DefaultConfigurableFileCollection$UnresolvedItemsCollector.visitContents(Lorg/gradle/api/internal/file/collections/FileCollectionResolveContext;)V+43
j  org.gradle.api.internal.file.collections.DefaultConfigurableFileCollection.visitContents(Lorg/gradle/api/internal/file/collections/FileCollectionResolveContext;)V+131
j  org.gradle.api.internal.file.CompositeFileCollection.visitDependencies(Lorg/gradle/api/internal/tasks/TaskDependencyResolveContext;)V+11
j  org.gradle.api.internal.file.collections.DefaultConfigurableFileCollection.visitDependencies(Lorg/gradle/api/internal/tasks/TaskDependencyResolveContext;)V+12
j  org.gradle.api.internal.tasks.CachingTaskDependencyResolveContext$TaskGraphImpl.getNodeValues(Ljava/lang/Object;Ljava/util/Collection;Ljava/util/Collection;)V+31
j  org.gradle.internal.graph.CachingDirectedGraphWalker$GraphWithEmptyEdges.getNodeValues(Ljava/lang/Object;Ljava/util/Collection;Ljava/util/Collection;)V+7
j  org.gradle.internal.graph.CachingDirectedGraphWalker.doSearch()Ljava/util/Set;+174
j  org.gradle.internal.graph.CachingDirectedGraphWalker.findValues()Ljava/util/Set;+1
j  org.gradle.api.internal.tasks.CachingTaskDependencyResolveContext.getDependencies(Lorg/gradle/api/Task;Ljava/lang/Object;)Ljava/util/Set;+40
j  org.gradle.execution.plan.TaskDependencyResolver.resolveDependenciesFor(Lorg/gradle/api/internal/TaskInternal;Ljava/lang/Object;)Ljava/util/Set;+6
j  org.gradle.execution.plan.LocalTaskNode.getDependencies(Lorg/gradle/execution/plan/TaskDependencyResolver;)Ljava/util/Set;+14
j  org.gradle.execution.plan.LocalTaskNode.resolveDependencies(Lorg/gradle/execution/plan/TaskDependencyResolver;Lorg/gradle/api/Action;)V+2
j  org.gradle.execution.plan.DefaultExecutionPlan.doAddNodes(Ljava/util/Deque;)V+128
j  org.gradle.execution.plan.DefaultExecutionPlan.addEntryTasks(Ljava/util/Collection;)V+124
j  org.gradle.execution.taskgraph.DefaultTaskExecutionGraph.addEntryTasks(Ljava/lang/Iterable;)V+89
j  org.gradle.execution.TaskNameResolvingBuildConfigurationAction.configure(Lorg/gradle/execution/BuildExecutionContext;)V+124
j  org.gradle.execution.DefaultBuildConfigurationActionExecuter.configure(Ljava/util/List;Lorg/gradle/api/internal/GradleInternal;I)V+32
j  org.gradle.execution.DefaultBuildConfigurationActionExecuter.access$200(Lorg/gradle/execution/DefaultBuildConfigurationActionExecuter;Ljava/util/List;Lorg/gradle/api/internal/GradleInternal;I)V+4
j  org.gradle.execution.DefaultBuildConfigurationActionExecuter$2.proceed()V+18
j  org.gradle.execution.DefaultTasksBuildExecutionAction.configure(Lorg/gradle/execution/BuildExecutionContext;)V+58
j  org.gradle.execution.DefaultBuildConfigurationActionExecuter.configure(Ljava/util/List;Lorg/gradle/api/internal/GradleInternal;I)V+32
j  org.gradle.execution.DefaultBuildConfigurationActionExecuter.access$200(Lorg/gradle/execution/DefaultBuildConfigurationActionExecuter;Ljava/util/List;Lorg/gradle/api/internal/GradleInternal;I)V+4
j  org.gradle.execution.DefaultBuildConfigurationActionExecuter$2.proceed()V+18
j  org.gradle.execution.ExcludedTaskFilteringBuildConfigurationAction.configure(Lorg/gradle/execution/BuildExecutionContext;)V+102
j  org.gradle.execution.DefaultBuildConfigurationActionExecuter.configure(Ljava/util/List;Lorg/gradle/api/internal/GradleInternal;I)V+32
j  org.gradle.execution.DefaultBuildConfigurationActionExecuter.access$200(Lorg/gradle/execution/DefaultBuildConfigurationActionExecuter;Ljava/util/List;Lorg/gradle/api/internal/GradleInternal;I)V+4
j  org.gradle.execution.DefaultBuildConfigurationActionExecuter$1.run()V+40
j  org.gradle.internal.Factories$1.create()Ljava/lang/Object;+4
j  org.gradle.api.internal.project.DefaultProjectStateRegistry.withLenientState(Lorg/gradle/internal/Factory;)Ljava/lang/Object;+21
j  org.gradle.api.internal.project.DefaultProjectStateRegistry.withLenientState(Ljava/lang/Runnable;)V+5
j  org.gradle.execution.DefaultBuildConfigurationActionExecuter.select(Lorg/gradle/api/internal/GradleInternal;)V+13
j  org.gradle.initialization.DefaultTaskExecutionPreparer.prepareForTaskExecution(Lorg/gradle/api/internal/GradleInternal;)V+5
j  org.gradle.initialization.BuildOperatingFiringTaskExecutionPreparer$CalculateTaskGraph.populateTaskGraph()Lorg/gradle/execution/taskgraph/TaskExecutionGraphInternal;+11
j  org.gradle.initialization.BuildOperatingFiringTaskExecutionPreparer$CalculateTaskGraph.run(Lorg/gradle/internal/operations/BuildOperationContext;)V+1
J 4522 C1 org.gradle.internal.operations.DefaultBuildOperationExecutor$RunnableBuildOperationWorker.execute(Lorg/gradle/internal/operations/BuildOperation;Lorg/gradle/internal/operations/BuildOperationContext;)V (10 bytes) @ 0x0000000003f39c64 [0x0000000003f39a00+0x264]
J 5330 C1 org.gradle.internal.operations.DefaultBuildOperationExecutor$1.execute(Lorg/gradle/internal/operations/BuildOperationDescriptor;Lorg/gradle/internal/operations/DefaultBuildOperationExecutor$DefaultBuildOperationContext;Lorg/gradle/internal/operations/DefaultBuildOperationExecutor$BuildOperationExecutionListener;)Lorg/gradle/internal/operations/BuildOperation; (82 bytes) @ 0x0000000004196f74 [0x0000000004196e00+0x174]
J 5467 C1 org.gradle.internal.operations.DefaultBuildOperationExecutor.execute(Lorg/gradle/internal/operations/BuildOperationDescriptor$Builder;Lorg/gradle/internal/operations/DefaultBuildOperationExecutor$BuildOperationState;Lorg/gradle/internal/operations/DefaultBuildOperationExecutor$BuildOperationExecution;)Lorg/gradle/internal/operations/BuildOperation; (111 bytes) @ 0x00000000041e7eac [0x00000000041e6f40+0xf6c]
J 5234 C1 org.gradle.internal.operations.DefaultBuildOperationExecutor.run(Lorg/gradle/internal/operations/RunnableBuildOperation;)V (28 bytes) @ 0x0000000004153c3c [0x0000000004153640+0x5fc]
j  org.gradle.internal.operations.DelegatingBuildOperationExecutor.run(Lorg/gradle/internal/operations/RunnableBuildOperation;)V+5
j  org.gradle.initialization.BuildOperatingFiringTaskExecutionPreparer.prepareForTaskExecution(Lorg/gradle/api/internal/GradleInternal;)V+13
j  org.gradle.initialization.DefaultGradleLauncher.prepareTaskExecution()V+18
j  org.gradle.initialization.DefaultGradleLauncher.doClassicBuildStages(Lorg/gradle/initialization/DefaultGradleLauncher$Stage;)V+41
j  org.gradle.initialization.DefaultGradleLauncher.doBuildStages(Lorg/gradle/initialization/DefaultGradleLauncher$Stage;)V+45
j  org.gradle.initialization.DefaultGradleLauncher.executeTasks()Lorg/gradle/api/internal/GradleInternal;+4
j  org.gradle.internal.invocation.GradleBuildController$$Lambda$54.execute(Ljava/lang/Object;)V+4
j  org.gradle.internal.invocation.GradleBuildController$1.create()Lorg/gradle/api/internal/GradleInternal;+31
j  org.gradle.internal.invocation.GradleBuildController$1.create()Ljava/lang/Object;+1
j  org.gradle.internal.work.DefaultWorkerLeaseService.withLocks(Ljava/lang/Iterable;Lorg/gradle/internal/Factory;)Ljava/lang/Object;+26
j  org.gradle.internal.work.StopShieldingWorkerLeaseService.withLocks(Ljava/lang/Iterable;Lorg/gradle/internal/Factory;)Ljava/lang/Object;+6
j  org.gradle.internal.invocation.GradleBuildController.doBuild(Lorg/gradle/api/internal/GradleInternal$BuildType;Lorg/gradle/api/Action;)Lorg/gradle/api/internal/GradleInternal;+26
j  org.gradle.internal.invocation.GradleBuildController.run()Lorg/gradle/api/internal/GradleInternal;+9
j  org.gradle.tooling.internal.provider.runner.BuildModelActionRunner.run(Lorg/gradle/internal/invocation/BuildAction;Lorg/gradle/internal/invocation/BuildController;)Lorg/gradle/internal/invocation/BuildActionRunner$Result;+78
j  org.gradle.launcher.exec.ChainingBuildActionRunner.run(Lorg/gradle/internal/invocation/BuildAction;Lorg/gradle/internal/invocation/BuildController;)Lorg/gradle/internal/invocation/BuildActionRunner$Result;+34
j  org.gradle.launcher.exec.ChainingBuildActionRunner.run(Lorg/gradle/internal/invocation/BuildAction;Lorg/gradle/internal/invocation/BuildController;)Lorg/gradle/internal/invocation/BuildActionRunner$Result;+34
j  org.gradle.launcher.exec.BuildOutcomeReportingBuildActionRunner.run(Lorg/gradle/internal/invocation/BuildAction;Lorg/gradle/internal/invocation/BuildController;)Lorg/gradle/internal/invocation/BuildActionRunner$Result;+143
j  org.gradle.tooling.internal.provider.ValidatingBuildActionRunner.run(Lorg/gradle/internal/invocation/BuildAction;Lorg/gradle/internal/invocation/BuildController;)Lorg/gradle/internal/invocation/BuildActionRunner$Result;+6
j  org.gradle.launcher.exec.BuildCompletionNotifyingBuildActionRunner.run(Lorg/gradle/internal/invocation/BuildAction;Lorg/gradle/internal/invocation/BuildController;)Lorg/gradle/internal/invocation/BuildActionRunner$Result;+28
j  org.gradle.launcher.exec.RunAsBuildOperationBuildActionRunner$3.call(Lorg/gradle/internal/operations/BuildOperationContext;)Lorg/gradle/internal/invocation/BuildActionRunner$Result;+95
j  org.gradle.launcher.exec.RunAsBuildOperationBuildActionRunner$3.call(Lorg/gradle/internal/operations/BuildOperationContext;)Ljava/lang/Object;+2
j  org.gradle.internal.operations.DefaultBuildOperationExecutor$CallableBuildOperationWorker.execute(Lorg/gradle/internal/operations/CallableBuildOperation;Lorg/gradle/internal/operations/BuildOperationContext;)V+3
j  org.gradle.internal.operations.DefaultBuildOperationExecutor$CallableBuildOperationWorker.execute(Lorg/gradle/internal/operations/BuildOperation;Lorg/gradle/internal/operations/BuildOperationContext;)V+6
j  org.gradle.internal.operations.DefaultBuildOperationExecutor$1.execute(Lorg/gradle/internal/operations/BuildOperationDescriptor;Lorg/gradle/internal/operations/DefaultBuildOperationExecutor$DefaultBuildOperationContext;Lorg/gradle/internal/operations/DefaultBuildOperationExecutor$BuildOperationExecutionListener;)Lorg/gradle/internal/operations/BuildOperation;+18
j  org.gradle.internal.operations.DefaultBuildOperationExecutor.execute(Lorg/gradle/internal/operations/BuildOperationDescriptor$Builder;Lorg/gradle/internal/operations/DefaultBuildOperationExecutor$BuildOperationState;Lorg/gradle/internal/operations/DefaultBuildOperationExecutor$BuildOperationExecution;)Lorg/gradle/internal/operations/BuildOperation;+105
j  org.gradle.internal.operations.DefaultBuildOperationExecutor.execute(Lorg/gradle/internal/operations/BuildOperation;Lorg/gradle/internal/operations/BuildOperationWorker;Lorg/gradle/internal/operations/DefaultBuildOperationExecutor$BuildOperationState;)V+22
j  org.gradle.internal.operations.DefaultBuildOperationExecutor.call(Lorg/gradle/internal/operations/CallableBuildOperation;)Ljava/lang/Object;+16
j  org.gradle.internal.operations.DelegatingBuildOperationExecutor.call(Lorg/gradle/internal/operations/CallableBuildOperation;)Ljava/lang/Object;+5
j  org.gradle.launcher.exec.RunAsBuildOperationBuildActionRunner.run(Lorg/gradle/internal/invocation/BuildAction;Lorg/gradle/internal/invocation/BuildController;)Lorg/gradle/internal/invocation/BuildActionRunner$Result;+33
j  org.gradle.launcher.exec.InProcessBuildActionExecuter$1.transform(Lorg/gradle/internal/invocation/BuildController;)Lorg/gradle/launcher/exec/BuildActionResult;+12
j  org.gradle.launcher.exec.InProcessBuildActionExecuter$1.transform(Ljava/lang/Object;)Ljava/lang/Object;+5
j  org.gradle.composite.internal.DefaultRootBuildState.run(Lorg/gradle/api/Transformer;)Ljava/lang/Object;+43
j  org.gradle.launcher.exec.InProcessBuildActionExecuter.execute(Lorg/gradle/internal/invocation/BuildAction;Lorg/gradle/initialization/BuildRequestContext;Lorg/gradle/launcher/exec/BuildActionParameters;Lorg/gradle/internal/service/ServiceRegistry;)Lorg/gradle/launcher/exec/BuildActionResult;+82
j  org.gradle.launcher.exec.InProcessBuildActionExecuter.execute(Lorg/gradle/internal/invocation/BuildAction;Lorg/gradle/initialization/BuildRequestContext;Ljava/lang/Object;Lorg/gradle/internal/service/ServiceRegistry;)Lorg/gradle/launcher/exec/BuildActionResult;+9
j  org.gradle.launcher.exec.BuildTreeScopeBuildActionExecuter.execute(Lorg/gradle/internal/invocation/BuildAction;Lorg/gradle/initialization/BuildRequestContext;Lorg/gradle/launcher/exec/BuildActionParameters;Lorg/gradle/internal/service/ServiceRegistry;)Lorg/gradle/launcher/exec/BuildActionResult;+38
j  org.gradle.launcher.exec.BuildTreeScopeBuildActionExecuter.execute(Lorg/gradle/internal/invocation/BuildAction;Lorg/gradle/initialization/BuildRequestContext;Ljava/lang/Object;Lorg/gradle/internal/service/ServiceRegistry;)Lorg/gradle/launcher/exec/BuildActionResult;+9
j  org.gradle.tooling.internal.provider.ContinuousBuildActionExecuter.execute(Lorg/gradle/internal/invocation/BuildAction;Lorg/gradle/initialization/BuildRequestContext;Lorg/gradle/launcher/exec/BuildActionParameters;Lorg/gradle/internal/service/ServiceRegistry;)Lorg/gradle/launcher/exec/BuildActionResult;+58
j  org.gradle.tooling.internal.provider.ContinuousBuildActionExecuter.execute(Lorg/gradle/internal/invocation/BuildAction;Lorg/gradle/initialization/BuildRequestContext;Ljava/lang/Object;Lorg/gradle/internal/service/ServiceRegistry;)Lorg/gradle/launcher/exec/BuildActionResult;+9
j  org.gradle.tooling.internal.provider.SubscribableBuildActionExecuter.execute(Lorg/gradle/internal/invocation/BuildAction;Lorg/gradle/initialization/BuildRequestContext;Lorg/gradle/launcher/exec/BuildActionParameters;Lorg/gradle/internal/service/ServiceRegistry;)Lorg/gradle/launcher/exec/BuildActionResult;+41
j  org.gradle.tooling.internal.provider.SubscribableBuildActionExecuter.execute(Lorg/gradle/internal/invocation/BuildAction;Lorg/gradle/initialization/BuildRequestContext;Ljava/lang/Object;Lorg/gradle/internal/service/ServiceRegistry;)Lorg/gradle/launcher/exec/BuildActionResult;+9
j  org.gradle.tooling.internal.provider.SessionScopeBuildActionExecuter.execute(Lorg/gradle/internal/invocation/BuildAction;Lorg/gradle/initialization/BuildRequestContext;Lorg/gradle/launcher/exec/BuildActionParameters;Lorg/gradle/internal/service/ServiceRegistry;)Lorg/gradle/launcher/exec/BuildActionResult;+117
j  org.gradle.tooling.internal.provider.SessionScopeBuildActionExecuter.execute(Lorg/gradle/internal/invocation/BuildAction;Lorg/gradle/initialization/BuildRequestContext;Ljava/lang/Object;Lorg/gradle/internal/service/ServiceRegistry;)Lorg/gradle/launcher/exec/BuildActionResult;+9
j  org.gradle.tooling.internal.provider.GradleThreadBuildActionExecuter.execute(Lorg/gradle/internal/invocation/BuildAction;Lorg/gradle/initialization/BuildRequestContext;Lorg/gradle/launcher/exec/BuildActionParameters;Lorg/gradle/internal/service/ServiceRegistry;)Lorg/gradle/launcher/exec/BuildActionResult;+12
j  org.gradle.tooling.internal.provider.GradleThreadBuildActionExecuter.execute(Lorg/gradle/internal/invocation/BuildAction;Lorg/gradle/initialization/BuildRequestContext;Ljava/lang/Object;Lorg/gradle/internal/service/ServiceRegistry;)Lorg/gradle/launcher/exec/BuildActionResult;+9
j  org.gradle.tooling.internal.provider.StartParamsValidatingActionExecuter.execute(Lorg/gradle/internal/invocation/BuildAction;Lorg/gradle/initialization/BuildRequestContext;Lorg/gradle/launcher/exec/BuildActionParameters;Lorg/gradle/internal/service/ServiceRegistry;)Lorg/gradle/launcher/exec/BuildActionResult;+177
j  org.gradle.tooling.internal.provider.StartParamsValidatingActionExecuter.execute(Lorg/gradle/internal/invocation/BuildAction;Lorg/gradle/initialization/BuildRequestContext;Ljava/lang/Object;Lorg/gradle/internal/service/ServiceRegistry;)Lorg/gradle/launcher/exec/BuildActionResult;+9
j  org.gradle.tooling.internal.provider.SessionFailureReportingActionExecuter.execute(Lorg/gradle/internal/invocation/BuildAction;Lorg/gradle/initialization/BuildRequestContext;Lorg/gradle/launcher/exec/BuildActionParameters;Lorg/gradle/internal/service/ServiceRegistry;)Lorg/gradle/launcher/exec/BuildActionResult;+9
j  org.gradle.tooling.internal.provider.SessionFailureReportingActionExecuter.execute(Lorg/gradle/internal/invocation/BuildAction;Lorg/gradle/initialization/BuildRequestContext;Ljava/lang/Object;Lorg/gradle/internal/service/ServiceRegistry;)Lorg/gradle/launcher/exec/BuildActionResult;+9
j  org.gradle.tooling.internal.provider.SetupLoggingActionExecuter.execute(Lorg/gradle/internal/invocation/BuildAction;Lorg/gradle/initialization/BuildRequestContext;Lorg/gradle/launcher/exec/BuildActionParameters;Lorg/gradle/internal/service/ServiceRegistry;)Lorg/gradle/launcher/exec/BuildActionResult;+52
j  org.gradle.tooling.internal.provider.SetupLoggingActionExecuter.execute(Lorg/gradle/internal/invocation/BuildAction;Lorg/gradle/initialization/BuildRequestContext;Ljava/lang/Object;Lorg/gradle/internal/service/ServiceRegistry;)Lorg/gradle/launcher/exec/BuildActionResult;+9
j  org.gradle.launcher.daemon.server.exec.ExecuteBuild.doBuild(Lorg/gradle/launcher/daemon/server/api/DaemonCommandExecution;Lorg/gradle/launcher/daemon/protocol/Build;)V+118
j  org.gradle.launcher.daemon.server.exec.BuildCommandOnly.execute(Lorg/gradle/launcher/daemon/server/api/DaemonCommandExecution;)V+49
j  org.gradle.launcher.daemon.server.api.DaemonCommandExecution.proceed()Z+23
j  org.gradle.launcher.daemon.server.exec.WatchForDisconnection.execute(Lorg/gradle/launcher/daemon/server/api/DaemonCommandExecution;)V+19
j  org.gradle.launcher.daemon.server.api.DaemonCommandExecution.proceed()Z+23
j  org.gradle.launcher.daemon.server.exec.ResetDeprecationLogger.execute(Lorg/gradle/launcher/daemon/server/api/DaemonCommandExecution;)V+7
j  org.gradle.launcher.daemon.server.api.DaemonCommandExecution.proceed()Z+23
j  org.gradle.launcher.daemon.server.exec.RequestStopIfSingleUsedDaemon.execute(Lorg/gradle/launcher/daemon/server/api/DaemonCommandExecution;)V+33
j  org.gradle.launcher.daemon.server.api.DaemonCommandExecution.proceed()Z+23
j  org.gradle.launcher.daemon.server.exec.ForwardClientInput$2.create()Ljava/lang/Void;+4
j  org.gradle.launcher.daemon.server.exec.ForwardClientInput$2.create()Ljava/lang/Object;+1
j  org.gradle.util.Swapper.swap(Ljava/lang/Object;Lorg/gradle/internal/Factory;)Ljava/lang/Object;+21
j  org.gradle.launcher.daemon.server.exec.ForwardClientInput.execute(Lorg/gradle/launcher/daemon/server/api/DaemonCommandExecution;)V+63
j  org.gradle.launcher.daemon.server.api.DaemonCommandExecution.proceed()Z+23
j  org.gradle.launcher.daemon.server.exec.LogAndCheckHealth.execute(Lorg/gradle/launcher/daemon/server/api/DaemonCommandExecution;)V+28
j  org.gradle.launcher.daemon.server.api.DaemonCommandExecution.proceed()Z+23
j  org.gradle.launcher.daemon.server.exec.LogToClient.doBuild(Lorg/gradle/launcher/daemon/server/api/DaemonCommandExecution;Lorg/gradle/launcher/daemon/protocol/Build;)V+87
j  org.gradle.launcher.daemon.server.exec.BuildCommandOnly.execute(Lorg/gradle/launcher/daemon/server/api/DaemonCommandExecution;)V+49
j  org.gradle.launcher.daemon.server.api.DaemonCommandExecution.proceed()Z+23
j  org.gradle.launcher.daemon.server.exec.EstablishBuildEnvironment.doBuild(Lorg/gradle/launcher/daemon/server/api/DaemonCommandExecution;Lorg/gradle/launcher/daemon/protocol/Build;)V+351
j  org.gradle.launcher.daemon.server.exec.BuildCommandOnly.execute(Lorg/gradle/launcher/daemon/server/api/DaemonCommandExecution;)V+49
j  org.gradle.launcher.daemon.server.api.DaemonCommandExecution.proceed()Z+23
j  org.gradle.launcher.daemon.server.exec.StartBuildOrRespondWithBusy$1.run()V+44
j  org.gradle.launcher.daemon.server.DaemonStateCoordinator$1.run()V+4
j  org.gradle.internal.concurrent.ExecutorPolicy$CatchAndRecordFailures.onExecute(Ljava/lang/Runnable;)V+1
j  org.gradle.internal.concurrent.ManagedExecutorImpl$1.run()V+25
j  java.util.concurrent.ThreadPoolExecutor.runWorker(Ljava/util/concurrent/ThreadPoolExecutor$Worker;)V+95
j  java.util.concurrent.ThreadPoolExecutor$Worker.run()V+5
j  org.gradle.internal.concurrent.ThreadFactoryImpl$ManagedThreadRunnable.run()V+7
j  java.lang.Thread.run()V+11
v  ~StubRoutines::call_stub

---------------  P R O C E S S  ---------------

Java Threads: ( => current thread )
  0x0000000020332800 JavaThread "Cache worker for file content cache (D:\suf-cw-millions-app\.gradle\6.5\fileContent)" [_thread_blocked, id=27556, stack(0x0000000029b90000,0x0000000029c90000)]
  0x000000001a191000 JavaThread "Memory manager" [_thread_blocked, id=24124, stack(0x0000000029470000,0x0000000029570000)]
  0x000000001a191800 JavaThread "Cache worker for Build Output Cleanup Cache (D:\suf-cw-millions-app\.gradle\buildOutputCleanup)" [_thread_blocked, id=19960, stack(0x00000000286c0000,0x00000000287c0000)]
  0x000000001a18f800 JavaThread "jar transforms Thread 92" [_thread_blocked, id=14576, stack(0x00000000281c0000,0x00000000282c0000)]
  0x000000001a190000 JavaThread "jar transforms Thread 91" [_thread_blocked, id=22920, stack(0x00000000280c0000,0x00000000281c0000)]
  0x000000001a188000 JavaThread "jar transforms Thread 90" [_thread_blocked, id=22324, stack(0x0000000027fc0000,0x00000000280c0000)]
  0x000000001a18e800 JavaThread "jar transforms Thread 89" [_thread_blocked, id=20872, stack(0x0000000027ec0000,0x0000000027fc0000)]
  0x000000001a187000 JavaThread "jar transforms Thread 88" [_thread_blocked, id=28576, stack(0x0000000027dc0000,0x0000000027ec0000)]
  0x000000001a18e000 JavaThread "jar transforms Thread 87" [_thread_blocked, id=10308, stack(0x0000000027cc0000,0x0000000027dc0000)]
  0x000000001a18c800 JavaThread "jar transforms Thread 86" [_thread_blocked, id=18036, stack(0x0000000027bc0000,0x0000000027cc0000)]
  0x000000001a18b800 JavaThread "jar transforms Thread 85" [_thread_blocked, id=26692, stack(0x0000000027ac0000,0x0000000027bc0000)]
  0x000000001a18b000 JavaThread "jar transforms Thread 84" [_thread_blocked, id=236, stack(0x00000000279c0000,0x0000000027ac0000)]
  0x000000001a18d000 JavaThread "jar transforms Thread 83" [_thread_blocked, id=15020, stack(0x00000000278c0000,0x00000000279c0000)]
  0x000000001a18a000 JavaThread "jar transforms Thread 82" [_thread_blocked, id=28408, stack(0x00000000277c0000,0x00000000278c0000)]
  0x000000001a184000 JavaThread "jar transforms Thread 81" [_thread_blocked, id=7088, stack(0x00000000276c0000,0x00000000277c0000)]
  0x000000001a185000 JavaThread "jar transforms Thread 80" [_thread_blocked, id=23724, stack(0x00000000275c0000,0x00000000276c0000)]
  0x000000001a189800 JavaThread "jar transforms Thread 79" [_thread_blocked, id=24020, stack(0x00000000274c0000,0x00000000275c0000)]
  0x000000001a186800 JavaThread "jar transforms Thread 78" [_thread_blocked, id=25752, stack(0x00000000273c0000,0x00000000274c0000)]
  0x000000001a183800 JavaThread "jar transforms Thread 77" [_thread_blocked, id=14652, stack(0x00000000272c0000,0x00000000273c0000)]
  0x000000001a188800 JavaThread "jar transforms Thread 76" [_thread_blocked, id=23304, stack(0x00000000271c0000,0x00000000272c0000)]
  0x000000001a185800 JavaThread "jar transforms Thread 75" [_thread_blocked, id=5164, stack(0x00000000270c0000,0x00000000271c0000)]
  0x000000001d83c000 JavaThread "jar transforms Thread 74" [_thread_blocked, id=16372, stack(0x0000000026fc0000,0x00000000270c0000)]
  0x000000001d83a800 JavaThread "jar transforms Thread 73" [_thread_blocked, id=21996, stack(0x0000000026ec0000,0x0000000026fc0000)]
  0x000000001d83d000 JavaThread "jar transforms Thread 72" [_thread_blocked, id=24944, stack(0x0000000026dc0000,0x0000000026ec0000)]
  0x000000001d83d800 JavaThread "jar transforms Thread 71" [_thread_blocked, id=25568, stack(0x0000000026cc0000,0x0000000026dc0000)]
  0x000000001d83a000 JavaThread "jar transforms Thread 70" [_thread_blocked, id=22732, stack(0x0000000026bc0000,0x0000000026cc0000)]
  0x000000001d839000 JavaThread "jar transforms Thread 69" [_thread_blocked, id=19840, stack(0x0000000026ac0000,0x0000000026bc0000)]
  0x000000001d838800 JavaThread "jar transforms Thread 68" [_thread_blocked, id=18164, stack(0x00000000269c0000,0x0000000026ac0000)]
  0x000000001d83b800 JavaThread "jar transforms Thread 67" [_thread_blocked, id=25900, stack(0x00000000268c0000,0x00000000269c0000)]
  0x000000001d83e800 JavaThread "jar transforms Thread 66" [_thread_blocked, id=6832, stack(0x00000000267c0000,0x00000000268c0000)]
  0x000000001d830800 JavaThread "jar transforms Thread 65" [_thread_blocked, id=1844, stack(0x00000000266c0000,0x00000000267c0000)]
  0x000000001d837800 JavaThread "jar transforms Thread 64" [_thread_blocked, id=1984, stack(0x00000000265c0000,0x00000000266c0000)]
  0x000000001d831800 JavaThread "jar transforms Thread 63" [_thread_blocked, id=23688, stack(0x00000000264c0000,0x00000000265c0000)]
  0x000000001d837000 JavaThread "jar transforms Thread 62" [_thread_blocked, id=2680, stack(0x00000000263c0000,0x00000000264c0000)]
  0x000000001d834800 JavaThread "jar transforms Thread 61" [_thread_blocked, id=27140, stack(0x00000000262c0000,0x00000000263c0000)]
  0x000000001d836000 JavaThread "jar transforms Thread 60" [_thread_blocked, id=1932, stack(0x00000000261c0000,0x00000000262c0000)]
  0x000000001d833000 JavaThread "jar transforms Thread 59" [_thread_blocked, id=23008, stack(0x00000000260c0000,0x00000000261c0000)]
  0x000000001d830000 JavaThread "jar transforms Thread 58" [_thread_blocked, id=20272, stack(0x0000000025fc0000,0x00000000260c0000)]
  0x000000001d835000 JavaThread "jar transforms Thread 57" [_thread_blocked, id=24840, stack(0x0000000025ec0000,0x0000000025fc0000)]
  0x000000001d82f000 JavaThread "jar transforms Thread 56" [_thread_blocked, id=21864, stack(0x0000000025dc0000,0x0000000025ec0000)]
  0x000000001d832000 JavaThread "jar transforms Thread 55" [_thread_blocked, id=9080, stack(0x0000000025cc0000,0x0000000025dc0000)]
  0x000000001d833800 JavaThread "jar transforms Thread 54" [_thread_blocked, id=1836, stack(0x0000000025bc0000,0x0000000025cc0000)]
  0x000000001d855800 JavaThread "jar transforms Thread 53" [_thread_blocked, id=26232, stack(0x0000000025ac0000,0x0000000025bc0000)]
  0x000000001d855000 JavaThread "jar transforms Thread 52" [_thread_blocked, id=18400, stack(0x00000000259c0000,0x0000000025ac0000)]
  0x000000001d852800 JavaThread "jar transforms Thread 51" [_thread_blocked, id=23432, stack(0x00000000258c0000,0x00000000259c0000)]
  0x000000001d852000 JavaThread "jar transforms Thread 50" [_thread_blocked, id=20804, stack(0x00000000257c0000,0x00000000258c0000)]
  0x000000001d854000 JavaThread "jar transforms Thread 49" [_thread_blocked, id=28348, stack(0x00000000256c0000,0x00000000257c0000)]
  0x000000001d853800 JavaThread "jar transforms Thread 48" [_thread_blocked, id=24892, stack(0x00000000255c0000,0x00000000256c0000)]
  0x000000001d851000 JavaThread "jar transforms Thread 47" [_thread_blocked, id=26048, stack(0x00000000254c0000,0x00000000255c0000)]
  0x000000001d856800 JavaThread "jar transforms Thread 46" [_thread_blocked, id=22596, stack(0x00000000253c0000,0x00000000254c0000)]
  0x000000001d849800 JavaThread "jar transforms Thread 45" [_thread_blocked, id=24648, stack(0x00000000252c0000,0x00000000253c0000)]
  0x000000001d850800 JavaThread "jar transforms Thread 44" [_thread_blocked, id=24664, stack(0x00000000251c0000,0x00000000252c0000)]
  0x000000001d84f800 JavaThread "jar transforms Thread 43" [_thread_blocked, id=13988, stack(0x00000000250c0000,0x00000000251c0000)]
  0x000000001d84f000 JavaThread "jar transforms Thread 42" [_thread_blocked, id=17728, stack(0x0000000024fc0000,0x00000000250c0000)]
  0x000000001d848000 JavaThread "jar transforms Thread 41" [_thread_blocked, id=15752, stack(0x0000000024ec0000,0x0000000024fc0000)]
  0x000000001d84d000 JavaThread "jar transforms Thread 40" [_thread_blocked, id=27076, stack(0x0000000024dc0000,0x0000000024ec0000)]
  0x000000001d84e000 JavaThread "jar transforms Thread 39" [_thread_blocked, id=11064, stack(0x0000000024cc0000,0x0000000024dc0000)]
  0x000000001d84a000 JavaThread "jar transforms Thread 38" [_thread_blocked, id=17372, stack(0x0000000024bc0000,0x0000000024cc0000)]
  0x000000001d848800 JavaThread "jar transforms Thread 37" [_thread_blocked, id=19932, stack(0x0000000024ac0000,0x0000000024bc0000)]
  0x000000001d84c800 JavaThread "jar transforms Thread 36" [_thread_blocked, id=4924, stack(0x00000000249c0000,0x0000000024ac0000)]
  0x000000001d84b000 JavaThread "jar transforms Thread 35" [_thread_blocked, id=21880, stack(0x00000000248c0000,0x00000000249c0000)]
  0x000000001d84b800 JavaThread "jar transforms Thread 34" [_thread_blocked, id=27464, stack(0x00000000247c0000,0x00000000248c0000)]
  0x000000001d847000 JavaThread "jar transforms Thread 33" [_thread_blocked, id=21800, stack(0x00000000246c0000,0x00000000247c0000)]
  0x0000000020b1b000 JavaThread "jar transforms Thread 32" [_thread_blocked, id=27528, stack(0x00000000245c0000,0x00000000246c0000)]
  0x0000000020b1a800 JavaThread "jar transforms Thread 31" [_thread_blocked, id=15112, stack(0x00000000244c0000,0x00000000245c0000)]
  0x0000000020b19800 JavaThread "jar transforms Thread 30" [_thread_blocked, id=14848, stack(0x00000000243c0000,0x00000000244c0000)]
  0x0000000020b18000 JavaThread "jar transforms Thread 29" [_thread_blocked, id=22820, stack(0x00000000242c0000,0x00000000243c0000)]
  0x0000000020b14800 JavaThread "jar transforms Thread 28" [_thread_blocked, id=24264, stack(0x00000000241c0000,0x00000000242c0000)]
  0x0000000020b17800 JavaThread "jar transforms Thread 27" [_thread_blocked, id=10916, stack(0x00000000240c0000,0x00000000241c0000)]
  0x0000000020b16000 JavaThread "jar transforms Thread 26" [_thread_blocked, id=15184, stack(0x0000000023fc0000,0x00000000240c0000)]
  0x0000000020b19000 JavaThread "jar transforms Thread 25" [_thread_blocked, id=23872, stack(0x0000000023ec0000,0x0000000023fc0000)]
  0x0000000020b15000 JavaThread "jar transforms Thread 24" [_thread_blocked, id=25808, stack(0x0000000023dc0000,0x0000000023ec0000)]
  0x0000000020b16800 JavaThread "jar transforms Thread 23" [_thread_blocked, id=7908, stack(0x0000000023cc0000,0x0000000023dc0000)]
  0x000000001d623800 JavaThread "jar transforms Thread 22" [_thread_blocked, id=20444, stack(0x0000000023bc0000,0x0000000023cc0000)]
  0x000000001d627000 JavaThread "jar transforms Thread 21" [_thread_blocked, id=18872, stack(0x0000000023ac0000,0x0000000023bc0000)]
  0x000000001d622800 JavaThread "jar transforms Thread 20" [_thread_blocked, id=25896, stack(0x00000000239c0000,0x0000000023ac0000)]
  0x000000001d625800 JavaThread "jar transforms Thread 19" [_thread_blocked, id=2424, stack(0x00000000238c0000,0x00000000239c0000)]
  0x000000001d620800 JavaThread "jar transforms Thread 18" [_thread_blocked, id=26652, stack(0x00000000237c0000,0x00000000238c0000)]
  0x000000001d624000 JavaThread "jar transforms Thread 17" [_thread_blocked, id=25248, stack(0x00000000236c0000,0x00000000237c0000)]
  0x000000001d626800 JavaThread "jar transforms Thread 16" [_thread_blocked, id=26740, stack(0x00000000235c0000,0x00000000236c0000)]
  0x000000001d625000 JavaThread "jar transforms Thread 15" [_thread_blocked, id=10044, stack(0x00000000234c0000,0x00000000235c0000)]
  0x000000001d621000 JavaThread "jar transforms Thread 14" [_thread_blocked, id=26060, stack(0x00000000233c0000,0x00000000234c0000)]
  0x000000001d622000 JavaThread "jar transforms Thread 13" [_thread_blocked, id=5936, stack(0x00000000232c0000,0x00000000233c0000)]
  0x000000001be17800 JavaThread "jar transforms Thread 12" [_thread_blocked, id=15720, stack(0x00000000231c0000,0x00000000232c0000)]
  0x000000001be1e000 JavaThread "jar transforms Thread 11" [_thread_blocked, id=18688, stack(0x00000000230c0000,0x00000000231c0000)]
  0x000000001be1a800 JavaThread "jar transforms Thread 10" [_thread_blocked, id=8240, stack(0x0000000022ec0000,0x0000000022fc0000)]
  0x000000001be1d800 JavaThread "jar transforms Thread 9" [_thread_blocked, id=11088, stack(0x0000000022dc0000,0x0000000022ec0000)]
  0x000000001be19800 JavaThread "jar transforms Thread 8" [_thread_blocked, id=18916, stack(0x0000000022cc0000,0x0000000022dc0000)]
  0x000000001be19000 JavaThread "jar transforms Thread 7" [_thread_blocked, id=20004, stack(0x0000000022bc0000,0x0000000022cc0000)]
  0x000000001be1c800 JavaThread "jar transforms Thread 6" [_thread_blocked, id=14064, stack(0x0000000022ac0000,0x0000000022bc0000)]
  0x000000001be18000 JavaThread "jar transforms Thread 5" [_thread_blocked, id=26580, stack(0x00000000229c0000,0x0000000022ac0000)]
  0x000000001be1c000 JavaThread "jar transforms Thread 4" [_thread_blocked, id=18220, stack(0x00000000228c0000,0x00000000229c0000)]
  0x000000001be1b000 JavaThread "jar transforms Thread 3" [_thread_blocked, id=28316, stack(0x00000000227c0000,0x00000000228c0000)]
  0x000000001be10000 JavaThread "jar transforms Thread 2" [_thread_blocked, id=23392, stack(0x00000000226c0000,0x00000000227c0000)]
  0x000000001be16000 JavaThread "Build operations Thread 4" [_thread_blocked, id=18568, stack(0x00000000225c0000,0x00000000226c0000)]
  0x000000001be15000 JavaThread "Build operations Thread 3" [_thread_blocked, id=8468, stack(0x00000000224c0000,0x00000000225c0000)]
  0x000000001be16800 JavaThread "Build operations Thread 2" [_thread_blocked, id=25332, stack(0x0000000021f50000,0x0000000022050000)]
  0x000000001be13000 JavaThread "Build operations" [_thread_blocked, id=12112, stack(0x00000000216b0000,0x00000000217b0000)]
  0x000000001b979800 JavaThread "Cache worker for file content cache (C:\Users\pyysz\.gradle\caches\6.5\fileContent)" [_thread_blocked, id=24792, stack(0x00000000215b0000,0x00000000216b0000)]
  0x000000001b978800 JavaThread "jar transforms" [_thread_blocked, id=17412, stack(0x0000000021820000,0x0000000021920000)]
  0x000000001b978000 JavaThread "Cache worker for execution history cache (C:\Users\pyysz\.gradle\caches\6.5\executionHistory)" [_thread_blocked, id=22680, stack(0x00000000212b0000,0x00000000213b0000)]
  0x000000001b977000 JavaThread "Cache worker for cache directory md-rule (C:\Users\pyysz\.gradle\caches\6.5\md-rule)" [_thread_blocked, id=25800, stack(0x00000000211b0000,0x00000000212b0000)]
  0x000000001b976800 JavaThread "Cache worker for cache directory md-supplier (C:\Users\pyysz\.gradle\caches\6.5\md-supplier)" [_thread_blocked, id=20868, stack(0x00000000200b0000,0x00000000201b0000)]
  0x000000001b973000 JavaThread "Cache worker for checksums cache (D:\suf-cw-millions-app\.gradle\checksums)" [_thread_blocked, id=28344, stack(0x000000001ffb0000,0x00000000200b0000)]
  0x000000001b975800 JavaThread "Cache worker for file hash cache (D:\suf-cw-millions-app\.gradle\6.5\fileHashes)" [_thread_blocked, id=16128, stack(0x000000001fcb0000,0x000000001fdb0000)]
  0x000000001b974800 JavaThread "Cache worker for file hash cache (C:\Users\pyysz\.gradle\caches\6.5\fileHashes)" [_thread_blocked, id=9864, stack(0x000000001e7e0000,0x000000001e8e0000)]
  0x000000001b97a000 JavaThread "File lock request listener" [_thread_in_native, id=1464, stack(0x000000001e6e0000,0x000000001e7e0000)]
  0x000000001b974000 JavaThread "Cache worker for journal cache (C:\Users\pyysz\.gradle\caches\journal-1)" [_thread_blocked, id=20836, stack(0x000000001e5e0000,0x000000001e6e0000)]
  0x0000000019ffb000 JavaThread "Thread-9" [_thread_blocked, id=20892, stack(0x000000001d310000,0x000000001d410000)]
  0x0000000019e5f000 JavaThread "Stdin handler" [_thread_blocked, id=22188, stack(0x000000001d210000,0x000000001d310000)]
  0x0000000019e5c000 JavaThread "Asynchronous log dispatcher for DefaultDaemonConnection: socket connection from /127.0.0.1:58103 to /127.0.0.1:58104" [_thread_blocked, id=27156, stack(0x000000001d110000,0x000000001d210000)]
=>0x000000001a548000 JavaThread "Daemon worker" [_thread_in_vm, id=19580, stack(0x000000001d010000,0x000000001d110000)]
  0x000000001a547800 JavaThread "Cancel handler" [_thread_blocked, id=18720, stack(0x000000001cf10000,0x000000001d010000)]
  0x000000001b620000 JavaThread "Handler for socket connection from /127.0.0.1:58103 to /127.0.0.1:58104" [_thread_in_native, id=11108, stack(0x000000001ce10000,0x000000001cf10000)]
  0x000000001b61f000 JavaThread "Daemon" [_thread_blocked, id=26124, stack(0x000000001cd10000,0x000000001ce10000)]
  0x000000001b615000 JavaThread "Daemon periodic checks" [_thread_blocked, id=8048, stack(0x000000001ca10000,0x000000001cb10000)]
  0x000000001b686800 JavaThread "Incoming local TCP Connector on port 58103" [_thread_in_native, id=6624, stack(0x000000001c860000,0x000000001c960000)]
  0x000000001947f000 JavaThread "Daemon health stats" [_thread_blocked, id=27220, stack(0x000000001c560000,0x000000001c660000)]
  0x0000000017dce800 JavaThread "Service Thread" daemon [_thread_blocked, id=20552, stack(0x00000000199c0000,0x0000000019ac0000)]
  0x00000000190e3000 JavaThread "C1 CompilerThread2" daemon [_thread_blocked, id=27256, stack(0x00000000198c0000,0x00000000199c0000)]
  0x0000000017d7d800 JavaThread "C2 CompilerThread1" daemon [_thread_in_native, id=22880, stack(0x00000000197c0000,0x00000000198c0000)]
  0x0000000017d7a800 JavaThread "C2 CompilerThread0" daemon [_thread_in_native, id=18204, stack(0x00000000196c0000,0x00000000197c0000)]
  0x0000000017d79000 JavaThread "Attach Listener" daemon [_thread_blocked, id=19144, stack(0x00000000195c0000,0x00000000196c0000)]
  0x00000000190d0800 JavaThread "Signal Dispatcher" daemon [_thread_blocked, id=11684, stack(0x00000000194c0000,0x00000000195c0000)]
  0x000000000314a000 JavaThread "Finalizer" daemon [_thread_blocked, id=16832, stack(0x0000000018fc0000,0x00000000190c0000)]
  0x0000000003141000 JavaThread "Reference Handler" daemon [_thread_blocked, id=23956, stack(0x0000000018ec0000,0x0000000018fc0000)]
  0x0000000002f4d800 JavaThread "main" [_thread_blocked, id=22836, stack(0x0000000002f50000,0x0000000003050000)]

Other Threads:
  0x0000000017d36800 VMThread [stack: 0x0000000018dc0000,0x0000000018ec0000] [id=17088]
  0x0000000019146000 WatcherThread [stack: 0x0000000019ac0000,0x0000000019bc0000] [id=22764]

VM state:not at safepoint (normal execution)

VM Mutex/Monitor currently owned by a thread: None

heap address: 0x0000000080000000, size: 2048 MB, Compressed Oops mode: 32-bit
Narrow klass base: 0x0000000000000000, Narrow klass shift: 3
Compressed class space size: 1073741824 Address: 0x0000000100000000

Heap:
 PSYoungGen      total 142848K, used 87188K [0x00000000d5580000, 0x00000000dec80000, 0x0000000100000000)
  eden space 131072K, 66% used [0x00000000d5580000,0x00000000daaa5328,0x00000000dd580000)
  from space 11776K, 0% used [0x00000000dd580000,0x00000000dd580000,0x00000000de100000)
  to   space 11264K, 0% used [0x00000000de180000,0x00000000de180000,0x00000000dec80000)
 ParOldGen       total 64000K, used 30671K [0x0000000080000000, 0x0000000083e80000, 0x00000000d5580000)
  object space 64000K, 47% used [0x0000000080000000,0x0000000081df3e60,0x0000000083e80000)
 Metaspace       used 63436K, capacity 66026K, committed 66324K, reserved 1105920K
  class space    used 8635K, capacity 9200K, committed 9276K, reserved 1048576K

Card table byte_map: [0x0000000012510000,0x0000000012920000] byte_map_base: 0x0000000012110000

Marking Bits: (ParMarkBitMap*) 0x000000005cb7f030
 Begin Bits: [0x0000000012fd0000, 0x0000000014fd0000)
 End Bits:   [0x0000000014fd0000, 0x0000000016fd0000)

Polling page: 0x0000000000d90000

CodeCache: size=245760Kb used=17996Kb max_used=17996Kb free=227763Kb
 bounds [0x0000000003150000, 0x0000000004300000, 0x0000000012150000]
 total_blobs=6134 nmethods=5330 adapters=717
 compilation: enabled

Compilation events (10 events):
Event: 20.548 Thread 0x00000000190e3000 nmethod 5900 0x00000000042ef5d0 code [0x00000000042ef720, 0x00000000042ef810]
Event: 20.551 Thread 0x00000000190e3000 5901       3       org.gradle.api.internal.provider.ValueSupplier$Value::of (22 bytes)
Event: 20.551 Thread 0x00000000190e3000 nmethod 5901 0x00000000042ef890 code [0x00000000042efa20, 0x00000000042efdc8]
Event: 20.557 Thread 0x00000000190e3000 5902       3       org.gradle.api.internal.CompositeDomainObjectSet::getStore (11 bytes)
Event: 20.557 Thread 0x00000000190e3000 nmethod 5902 0x00000000042eff50 code [0x00000000042f00c0, 0x00000000042f03c8]
Event: 20.560 Thread 0x00000000190e3000 5903       3       com.google.common.collect.ImmutableMapEntry::<init> (12 bytes)
Event: 20.560 Thread 0x00000000190e3000 nmethod 5903 0x00000000042f0490 code [0x00000000042f0600, 0x00000000042f08c8]
Event: 20.560 Thread 0x00000000190e3000 5904       3       com.google.common.collect.RegularImmutableMap::checkNoConflictInKeyBucket (42 bytes)
Event: 20.561 Thread 0x00000000190e3000 nmethod 5904 0x00000000042f0a50 code [0x00000000042f0c00, 0x00000000042f1188]
Event: 20.563 Thread 0x00000000190e3000 5905       3       org.codehaus.groovy.reflection.stdclasses.CachedSAMClass$1::run (5 bytes)

GC Heap History (10 events):
Event: 9.830 GC heap before
{Heap before GC invocations=10 (full 2):
 PSYoungGen      total 142336K, used 8115K [0x00000000d5580000, 0x00000000dec80000, 0x0000000100000000)
  eden space 131072K, 0% used [0x00000000d5580000,0x00000000d5580000,0x00000000dd580000)
  from space 11264K, 72% used [0x00000000de180000,0x00000000de96cf40,0x00000000dec80000)
  to   space 11776K, 0% used [0x00000000dd580000,0x00000000dd580000,0x00000000de100000)
 ParOldGen       total 48640K, used 9177K [0x0000000080000000, 0x0000000082f80000, 0x00000000d5580000)
  object space 48640K, 18% used [0x0000000080000000,0x00000000808f6408,0x0000000082f80000)
 Metaspace       used 34025K, capacity 35244K, committed 35416K, reserved 1079296K
  class space    used 4664K, capacity 4969K, committed 4992K, reserved 1048576K
Event: 9.912 GC heap after
Heap after GC invocations=10 (full 2):
 PSYoungGen      total 142336K, used 0K [0x00000000d5580000, 0x00000000dec80000, 0x0000000100000000)
  eden space 131072K, 0% used [0x00000000d5580000,0x00000000d5580000,0x00000000dd580000)
  from space 11264K, 0% used [0x00000000de180000,0x00000000de180000,0x00000000dec80000)
  to   space 11776K, 0% used [0x00000000dd580000,0x00000000dd580000,0x00000000de100000)
 ParOldGen       total 64000K, used 14776K [0x0000000080000000, 0x0000000083e80000, 0x00000000d5580000)
  object space 64000K, 23% used [0x0000000080000000,0x0000000080e6e098,0x0000000083e80000)
 Metaspace       used 34025K, capacity 35244K, committed 35416K, reserved 1079296K
  class space    used 4664K, capacity 4969K, committed 4992K, reserved 1048576K
}
Event: 15.705 GC heap before
{Heap before GC invocations=11 (full 2):
 PSYoungGen      total 142336K, used 131072K [0x00000000d5580000, 0x00000000dec80000, 0x0000000100000000)
  eden space 131072K, 100% used [0x00000000d5580000,0x00000000dd580000,0x00000000dd580000)
  from space 11264K, 0% used [0x00000000de180000,0x00000000de180000,0x00000000dec80000)
  to   space 11776K, 0% used [0x00000000dd580000,0x00000000dd580000,0x00000000de100000)
 ParOldGen       total 64000K, used 14776K [0x0000000080000000, 0x0000000083e80000, 0x00000000d5580000)
  object space 64000K, 23% used [0x0000000080000000,0x0000000080e6e098,0x0000000083e80000)
 Metaspace       used 40971K, capacity 42720K, committed 42840K, reserved 1085440K
  class space    used 5550K, capacity 5970K, committed 6016K, reserved 1048576K
Event: 15.717 GC heap after
Heap after GC invocations=11 (full 2):
 PSYoungGen      total 142848K, used 11277K [0x00000000d5580000, 0x00000000dec80000, 0x0000000100000000)
  eden space 131072K, 0% used [0x00000000d5580000,0x00000000d5580000,0x00000000dd580000)
  from space 11776K, 95% used [0x00000000dd580000,0x00000000de083418,0x00000000de100000)
  to   space 11264K, 0% used [0x00000000de180000,0x00000000de180000,0x00000000dec80000)
 ParOldGen       total 64000K, used 14784K [0x0000000080000000, 0x0000000083e80000, 0x00000000d5580000)
  object space 64000K, 23% used [0x0000000080000000,0x0000000080e70098,0x0000000083e80000)
 Metaspace       used 40971K, capacity 42720K, committed 42840K, reserved 1085440K
  class space    used 5550K, capacity 5970K, committed 6016K, reserved 1048576K
}
Event: 18.039 GC heap before
{Heap before GC invocations=12 (full 2):
 PSYoungGen      total 142848K, used 142349K [0x00000000d5580000, 0x00000000dec80000, 0x0000000100000000)
  eden space 131072K, 100% used [0x00000000d5580000,0x00000000dd580000,0x00000000dd580000)
  from space 11776K, 95% used [0x00000000dd580000,0x00000000de083418,0x00000000de100000)
  to   space 11264K, 0% used [0x00000000de180000,0x00000000de180000,0x00000000dec80000)
 ParOldGen       total 64000K, used 14784K [0x0000000080000000, 0x0000000083e80000, 0x00000000d5580000)
  object space 64000K, 23% used [0x0000000080000000,0x0000000080e70098,0x0000000083e80000)
 Metaspace       used 54090K, capacity 56278K, committed 56536K, reserved 1097728K
  class space    used 7134K, capacity 7643K, committed 7680K, reserved 1048576K
Event: 18.063 GC heap after
Heap after GC invocations=12 (full 2):
 PSYoungGen      total 142336K, used 11232K [0x00000000d5580000, 0x00000000dec80000, 0x0000000100000000)
  eden space 131072K, 0% used [0x00000000d5580000,0x00000000d5580000,0x00000000dd580000)
  from space 11264K, 99% used [0x00000000de180000,0x00000000dec783e0,0x00000000dec80000)
  to   space 11776K, 0% used [0x00000000dd580000,0x00000000dd580000,0x00000000de100000)
 ParOldGen       total 64000K, used 25627K [0x0000000080000000, 0x0000000083e80000, 0x00000000d5580000)
  object space 64000K, 40% used [0x0000000080000000,0x0000000081906ff8,0x0000000083e80000)
 Metaspace       used 54090K, capacity 56278K, committed 56536K, reserved 1097728K
  class space    used 7134K, capacity 7643K, committed 7680K, reserved 1048576K
}
Event: 18.705 GC heap before
{Heap before GC invocations=13 (full 2):
 PSYoungGen      total 142336K, used 46659K [0x00000000d5580000, 0x00000000dec80000, 0x0000000100000000)
  eden space 131072K, 27% used [0x00000000d5580000,0x00000000d7818880,0x00000000dd580000)
  from space 11264K, 99% used [0x00000000de180000,0x00000000dec783e0,0x00000000dec80000)
  to   space 11776K, 0% used [0x00000000dd580000,0x00000000dd580000,0x00000000de100000)
 ParOldGen       total 64000K, used 25627K [0x0000000080000000, 0x0000000083e80000, 0x00000000d5580000)
  object space 64000K, 40% used [0x0000000080000000,0x0000000081906ff8,0x0000000083e80000)
 Metaspace       used 56743K, capacity 58978K, committed 59028K, reserved 1099776K
  class space    used 7563K, capacity 8079K, committed 8124K, reserved 1048576K
Event: 18.724 GC heap after
Heap after GC invocations=13 (full 2):
 PSYoungGen      total 142848K, used 4370K [0x00000000d5580000, 0x00000000dec80000, 0x0000000100000000)
  eden space 131072K, 0% used [0x00000000d5580000,0x00000000d5580000,0x00000000dd580000)
  from space 11776K, 37% used [0x00000000dd580000,0x00000000dd9c4bd0,0x00000000de100000)
  to   space 11264K, 0% used [0x00000000de180000,0x00000000de180000,0x00000000dec80000)
 ParOldGen       total 64000K, used 36771K [0x0000000080000000, 0x0000000083e80000, 0x00000000d5580000)
  object space 64000K, 57% used [0x0000000080000000,0x00000000823e8cd0,0x0000000083e80000)
 Metaspace       used 56743K, capacity 58978K, committed 59028K, reserved 1099776K
  class space    used 7563K, capacity 8079K, committed 8124K, reserved 1048576K
}
Event: 18.724 GC heap before
{Heap before GC invocations=14 (full 3):
 PSYoungGen      total 142848K, used 4370K [0x00000000d5580000, 0x00000000dec80000, 0x0000000100000000)
  eden space 131072K, 0% used [0x00000000d5580000,0x00000000d5580000,0x00000000dd580000)
  from space 11776K, 37% used [0x00000000dd580000,0x00000000dd9c4bd0,0x00000000de100000)
  to   space 11264K, 0% used [0x00000000de180000,0x00000000de180000,0x00000000dec80000)
 ParOldGen       total 64000K, used 36771K [0x0000000080000000, 0x0000000083e80000, 0x00000000d5580000)
  object space 64000K, 57% used [0x0000000080000000,0x00000000823e8cd0,0x0000000083e80000)
 Metaspace       used 56743K, capacity 58978K, committed 59028K, reserved 1099776K
  class space    used 7563K, capacity 8079K, committed 8124K, reserved 1048576K
Event: 19.001 GC heap after
Heap after GC invocations=14 (full 3):
 PSYoungGen      total 142848K, used 0K [0x00000000d5580000, 0x00000000dec80000, 0x0000000100000000)
  eden space 131072K, 0% used [0x00000000d5580000,0x00000000d5580000,0x00000000dd580000)
  from space 11776K, 0% used [0x00000000dd580000,0x00000000dd580000,0x00000000de100000)
  to   space 11264K, 0% used [0x00000000de180000,0x00000000de180000,0x00000000dec80000)
 ParOldGen       total 64000K, used 30671K [0x0000000080000000, 0x0000000083e80000, 0x00000000d5580000)
  object space 64000K, 47% used [0x0000000080000000,0x0000000081df3e60,0x0000000083e80000)
 Metaspace       used 56683K, capacity 58780K, committed 59028K, reserved 1099776K
  class space    used 7545K, capacity 8024K, committed 8124K, reserved 1048576K
}

Deoptimization events (10 events):
Event: 19.650 Thread 0x000000001a548000 Uncommon trap: reason=unstable_if action=reinterpret pc=0x0000000003537374 method=java.lang.String.lastIndexOf([CII[CIII)I @ 118
Event: 19.701 Thread 0x000000001a548000 Uncommon trap: reason=unstable_if action=reinterpret pc=0x0000000003b27bdc method=java.util.HashMap.putVal(ILjava/lang/Object;Ljava/lang/Object;ZZ)Ljava/lang/Object; @ 109
Event: 19.701 Thread 0x000000001a548000 Uncommon trap: reason=unstable_if action=reinterpret pc=0x0000000003b26938 method=java.util.HashMap.putVal(ILjava/lang/Object;Ljava/lang/Object;ZZ)Ljava/lang/Object; @ 109
Event: 20.025 Thread 0x000000001a548000 Uncommon trap: reason=bimorphic action=maybe_recompile pc=0x0000000003fb7954 method=java.util.regex.Pattern$5.isSatisfiedBy(I)Z @ 16
Event: 20.025 Thread 0x000000001a548000 Uncommon trap: reason=bimorphic action=maybe_recompile pc=0x0000000003fb7954 method=java.util.regex.Pattern$5.isSatisfiedBy(I)Z @ 16
Event: 20.025 Thread 0x000000001a548000 Uncommon trap: reason=bimorphic action=maybe_recompile pc=0x0000000003fb7954 method=java.util.regex.Pattern$5.isSatisfiedBy(I)Z @ 16
Event: 20.025 Thread 0x000000001a548000 Uncommon trap: reason=bimorphic action=maybe_recompile pc=0x0000000003fb7954 method=java.util.regex.Pattern$5.isSatisfiedBy(I)Z @ 16
Event: 20.420 Thread 0x000000001a548000 Uncommon trap: reason=unstable_if action=reinterpret pc=0x000000000378ef68 method=java.util.regex.Pattern$BmpCharProperty.match(Ljava/util/regex/Matcher;ILjava/lang/CharSequence;)Z @ 34
Event: 20.434 Thread 0x000000001a548000 Uncommon trap: reason=unstable_if action=reinterpret pc=0x0000000003fece58 method=com.sun.org.apache.xerces.internal.impl.XMLEntityScanner.scanLiteral(ILcom/sun/org/apache/xerces/internal/xni/XMLString;Z)I @ 660
Event: 20.494 Thread 0x000000001a548000 Uncommon trap: reason=unstable_if action=reinterpret pc=0x0000000003f77298 method=com.google.gson.stream.JsonReader.doPeek()I @ 315

Classes redefined (0 events):
No events

Internal exceptions (10 events):
Event: 19.359 Thread 0x000000001a548000 Exception <a 'java/lang/ClassNotFoundException': com/android/build/gradle/internal/api/ApkVariantOutputImpl_DecoratedBeanInfo> (0x00000000d67f3898) thrown at [C:\src\AOSP-openjdk-git\hotspot\src\share\vm\classfile\systemDictionary.cpp, line 210]
Event: 19.359 Thread 0x000000001a548000 Exception <a 'java/lang/ClassNotFoundException': com/android/build/gradle/internal/api/ApkVariantOutputImplBeanInfo> (0x00000000d6810ac8) thrown at [C:\src\AOSP-openjdk-git\hotspot\src\share\vm\classfile\systemDictionary.cpp, line 210]
Event: 19.360 Thread 0x000000001a548000 Exception <a 'java/lang/ClassNotFoundException': com/android/build/gradle/internal/api/BaseVariantOutputImplBeanInfo> (0x00000000d682ef00) thrown at [C:\src\AOSP-openjdk-git\hotspot\src\share\vm\classfile\systemDictionary.cpp, line 210]
Event: 19.360 Thread 0x000000001a548000 Exception <a 'java/lang/ClassNotFoundException': com/android/build/gradle/internal/api/BaseVariantOutputImplCustomizer> (0x00000000d684d8d0) thrown at [C:\src\AOSP-openjdk-git\hotspot\src\share\vm\classfile\systemDictionary.cpp, line 210]
Event: 19.361 Thread 0x000000001a548000 Exception <a 'java/lang/ClassNotFoundException': com/android/build/gradle/internal/api/ApkVariantOutputImplCustomizer> (0x00000000d6886098) thrown at [C:\src\AOSP-openjdk-git\hotspot\src\share\vm\classfile\systemDictionary.cpp, line 210]
Event: 19.362 Thread 0x000000001a548000 Exception <a 'java/lang/ClassNotFoundException': com/android/build/gradle/internal/api/ApkVariantOutputImpl_DecoratedCustomizer> (0x00000000d68b9e38) thrown at [C:\src\AOSP-openjdk-git\hotspot\src\share\vm\classfile\systemDictionary.cpp, line 210]
Event: 19.568 Thread 0x000000001a548000 Exception <a 'java/lang/NoSuchMethodError': java.lang.Object.lambda$static$0(Lorg/gradle/api/internal/tasks/TaskDependencyResolveContext;)V> (0x00000000d74ad7b0) thrown at [C:\src\AOSP-openjdk-git\hotspot\src\share\vm\interpreter\linkResolver.cpp, line 62
Event: 19.998 Thread 0x000000001a548000 Exception <a 'sun/nio/fs/WindowsException'> (0x00000000d8a14620) thrown at [C:\src\AOSP-openjdk-git\hotspot\src\share\vm\prims\jni.cpp, line 710]
Event: 20.064 Thread 0x000000001a548000 Exception <a 'java/lang/ClassNotFoundException': com/sun/org/glassfish/hk2/osgiresourcelocator/ServiceLoader> (0x00000000d8e09428) thrown at [C:\src\AOSP-openjdk-git\hotspot\src\share\vm\classfile\systemDictionary.cpp, line 210]
Event: 20.127 Thread 0x000000001a548000 Exception <a 'java/lang/NullPointerException'> (0x00000000d9278468) thrown at [C:\src\AOSP-openjdk-git\hotspot\src\share\vm\interpreter\linkResolver.cpp, line 1287]

Events (10 events):
Event: 20.557 loading class org/gradle/api/internal/file/DefaultFileCollectionFactory$EmptyFileTree
Event: 20.557 loading class org/gradle/api/internal/file/DefaultFileCollectionFactory$EmptyFileTree done
Event: 20.558 loading class org/gradle/api/internal/file/AbstractFileTree
Event: 20.558 loading class org/gradle/api/internal/file/AbstractFileTree done
Event: 20.559 loading class com/android/build/gradle/internal/api/DefaultAndroidSourceDirectorySet$getSourceDirectoryTrees$1
Event: 20.559 loading class com/android/build/gradle/internal/api/DefaultAndroidSourceDirectorySet$getSourceDirectoryTrees$1 done
Event: 20.560 loading class org/gradle/api/internal/file/collections/DefaultConfigurableFileTree
Event: 20.560 loading class org/gradle/api/internal/file/collections/DefaultConfigurableFileTree done
Event: 20.562 loading class groovy/runtime/metaclass/org/gradle/api/internal/file/collections/DefaultConfigurableFileTreeMetaClass
Event: 20.562 loading class groovy/runtime/metaclass/org/gradle/api/internal/file/collections/DefaultConfigurableFileTreeMetaClass done


Dynamic libraries:
0x00007ff756b10000 - 0x00007ff756b41000 	D:\Android Studio\jre\bin\java.exe
0x00007ff9a2280000 - 0x00007ff9a2470000 	C:\WINDOWS\SYSTEM32\ntdll.dll
0x00007ff9a1fa0000 - 0x00007ff9a2052000 	C:\WINDOWS\System32\KERNEL32.DLL
0x00007ff99f550000 - 0x00007ff99f7f5000 	C:\WINDOWS\System32\KERNELBASE.dll
0x00007ff9a2060000 - 0x00007ff9a2103000 	C:\WINDOWS\System32\ADVAPI32.dll
0x00007ff9a07d0000 - 0x00007ff9a086e000 	C:\WINDOWS\System32\msvcrt.dll
0x00007ff9a08f0000 - 0x00007ff9a0987000 	C:\WINDOWS\System32\sechost.dll
0x00007ff9a1900000 - 0x00007ff9a1a1f000 	C:\WINDOWS\System32\RPCRT4.dll
0x00007ff9a0330000 - 0x00007ff9a04c4000 	C:\WINDOWS\System32\USER32.dll
0x00007ff99f4c0000 - 0x00007ff99f4e1000 	C:\WINDOWS\System32\win32u.dll
0x00007ff9a0b30000 - 0x00007ff9a0b56000 	C:\WINDOWS\System32\GDI32.dll
0x00007ff99f320000 - 0x00007ff99f4b8000 	C:\WINDOWS\System32\gdi32full.dll
0x00007ff9a0190000 - 0x00007ff9a022e000 	C:\WINDOWS\System32\msvcp_win.dll
0x00007ff99f220000 - 0x00007ff99f31a000 	C:\WINDOWS\System32\ucrtbase.dll
0x00007ff98d0e0000 - 0x00007ff98d364000 	C:\WINDOWS\WinSxS\amd64_microsoft.windows.common-controls_6595b64144ccf1df_6.0.18362.1440_none_9e7dbfb9e45e8e67\COMCTL32.dll
0x00007ff9a1250000 - 0x00007ff9a1586000 	C:\WINDOWS\System32\combase.dll
0x00007ff99f820000 - 0x00007ff99f8a1000 	C:\WINDOWS\System32\bcryptPrimitives.dll
0x00007ff9a0ad0000 - 0x00007ff9a0afe000 	C:\WINDOWS\System32\IMM32.DLL
0x000000005d370000 - 0x000000005d442000 	D:\Android Studio\jre\jre\bin\msvcr100.dll
0x000000005c3b0000 - 0x000000005cbfb000 	D:\Android Studio\jre\jre\bin\server\jvm.dll
0x00007ff9a16c0000 - 0x00007ff9a16c8000 	C:\WINDOWS\System32\PSAPI.DLL
0x00007ff98d920000 - 0x00007ff98d929000 	C:\WINDOWS\SYSTEM32\WSOCK32.dll
0x00007ff99ce10000 - 0x00007ff99ce34000 	C:\WINDOWS\SYSTEM32\WINMM.dll
0x00007ff9a1650000 - 0x00007ff9a16bf000 	C:\WINDOWS\System32\WS2_32.dll
0x00007ff99cce0000 - 0x00007ff99cd0d000 	C:\WINDOWS\SYSTEM32\WINMMBASE.dll
0x00007ff9a02e0000 - 0x00007ff9a032a000 	C:\WINDOWS\System32\cfgmgr32.dll
0x00007ff998a50000 - 0x00007ff998a5a000 	C:\WINDOWS\SYSTEM32\VERSION.dll
0x00007ff992df0000 - 0x00007ff992dff000 	D:\Android Studio\jre\jre\bin\verify.dll
0x00007ff987630000 - 0x00007ff987659000 	D:\Android Studio\jre\jre\bin\java.dll
0x00007ff9874c0000 - 0x00007ff9874d6000 	D:\Android Studio\jre\jre\bin\zip.dll
0x00007ff9a0b60000 - 0x00007ff9a1248000 	C:\WINDOWS\System32\SHELL32.dll
0x00007ff9a1ef0000 - 0x00007ff9a1f97000 	C:\WINDOWS\System32\shcore.dll
0x00007ff99fa10000 - 0x00007ff9a018b000 	C:\WINDOWS\System32\windows.storage.dll
0x00007ff99f1d0000 - 0x00007ff99f1ee000 	C:\WINDOWS\System32\profapi.dll
0x00007ff99f160000 - 0x00007ff99f1aa000 	C:\WINDOWS\System32\powrprof.dll
0x00007ff99f130000 - 0x00007ff99f140000 	C:\WINDOWS\System32\UMPDC.dll
0x00007ff9a1a20000 - 0x00007ff9a1a72000 	C:\WINDOWS\System32\shlwapi.dll
0x00007ff99f1b0000 - 0x00007ff99f1c1000 	C:\WINDOWS\System32\kernel.appcore.dll
0x00007ff99f800000 - 0x00007ff99f817000 	C:\WINDOWS\System32\cryptsp.dll
0x00007ff986ed0000 - 0x00007ff986eea000 	D:\Android Studio\jre\jre\bin\net.dll
0x00007ff99e910000 - 0x00007ff99e977000 	C:\WINDOWS\system32\mswsock.dll
0x00007ff986cc0000 - 0x00007ff986cd3000 	D:\Android Studio\jre\jre\bin\nio.dll
0x00007ff986bb0000 - 0x00007ff986bd7000 	C:\Users\pyysz\.gradle\native\f6784746aeab05261644944871eae4fe03e0ef1612fff0a4a95f87b438bc6780\windows-amd64\native-platform.dll
0x00007ff9924b0000 - 0x00007ff9924bd000 	D:\Android Studio\jre\jre\bin\management.dll
0x00007ff99e490000 - 0x00007ff99e4c3000 	C:\WINDOWS\system32\rsaenh.dll
0x00007ff99f1f0000 - 0x00007ff99f216000 	C:\WINDOWS\System32\bcrypt.dll
0x00007ff99f050000 - 0x00007ff99f075000 	C:\WINDOWS\SYSTEM32\USERENV.dll
0x00007ff99eae0000 - 0x00007ff99eaec000 	C:\WINDOWS\SYSTEM32\CRYPTBASE.dll
0x00007ff99e620000 - 0x00007ff99e65a000 	C:\WINDOWS\SYSTEM32\IPHLPAPI.DLL
0x00007ff9a0b00000 - 0x00007ff9a0b08000 	C:\WINDOWS\System32\NSI.dll
0x00007ff992ca0000 - 0x00007ff992cb6000 	C:\WINDOWS\SYSTEM32\dhcpcsvc6.DLL
0x00007ff992b10000 - 0x00007ff992b2c000 	C:\WINDOWS\SYSTEM32\dhcpcsvc.DLL
0x00007ff99e660000 - 0x00007ff99e72b000 	C:\WINDOWS\SYSTEM32\DNSAPI.dll
0x00007ff992de0000 - 0x00007ff992deb000 	C:\WINDOWS\SYSTEM32\WINNSI.DLL

VM Arguments:
jvm_args: -Xmx2048m -Dfile.encoding=UTF-8 -Duser.country=CN -Duser.language=zh -Duser.variant 
java_command: org.gradle.launcher.daemon.bootstrap.GradleDaemon 6.5
java_class_path (initial): C:\Users\pyysz\.gradle\wrapper\dists\gradle-6.5-bin\6nifqtx7604sqp1q6g8wikw7p\gradle-6.5\lib\gradle-launcher-6.5.jar
Launcher Type: SUN_STANDARD

Environment Variables:
JAVA_HOME=D:\java\jdk1.8
CLASSPATH=classpath=.;D:\java\jdk1.8\lib;D:\java\jdk1.8\lib\dt.jar;D:\java\jdk1.8\tools.jar
PATH=D:\VMware\VMware Workstation\bin\;C:\Program Files (x86)\Common Files\Oracle\Java\javapath;C:\Program Files\Dell\DW WLAN Card;C:\WINDOWS\system32;C:\WINDOWS;C:\WINDOWS\System32\Wbem;C:\WINDOWS\System32\WindowsPowerShell\v1.0\;c:\Program Files\WIDCOMM\Bluetooth Software\;c:\Program Files\WIDCOMM\Bluetooth Software\syswow64;C:\WINDOWS\System32\OpenSSH\;D:\java\jdk1.8\bin;C:\Program Files (x86)\Intel\Intel(R) Management Engine Components\DAL;C:\Program Files\Intel\Intel(R) Management Engine Components\DAL;D:\Git\cmd;C:\Users\pyysz\AppData\Local\Microsoft\WindowsApps;C:\MinGW\bin;
USERNAME=pyysz
OS=Windows_NT
PROCESSOR_IDENTIFIER=Intel64 Family 6 Model 78 Stepping 3, GenuineIntel



---------------  S Y S T E M  ---------------

OS: Windows 10.0 , 64 bit Build 18362 (10.0.18362.1350)

CPU:total 4 (initial active 4) (2 cores per cpu, 2 threads per core) family 6 model 78 stepping 3, cmov, cx8, fxsr, mmx, sse, sse2, sse3, ssse3, sse4.1, sse4.2, popcnt, avx, avx2, aes, clmul, erms, 3dnowpref, lzcnt, ht, tsc, tscinvbit, bmi1, bmi2, adx

Memory: 4k page, physical 8252248k(378920k free), swap 24915540k(4108k free)

vm_info: OpenJDK 64-Bit Server VM (25.242-b01) for windows-amd64 JRE (1.8.0_242-release-1644-b01), built by "builder" with MS VC++ 10.0 (VS2010)

time: Mon Mar 22 15:50:17 2021
timezone: GMT 
elapsed time: 20 seconds (0d 0h 0m 20s)

